09:51:49 Info: Listening on port 8080 
07:23:39 Info: Listening on port 8080 
07:28:09 Info: Listening on port 8080 
19:28:41 Info: Listening on port 8080 
23:25:58 Info: Listening on port 8080 
23:43:13 Info: [undefined] retrieved data 
23:43:14 Info: [undefined] saved data 
23:44:22 Info: [datorgalds] retrieved data 
23:44:57 Info: [datorgalds] retrieved data 
23:58:16 Info: [datorgalds] retrieved data 
00:06:54 Info: Listening on port 8080 
00:06:59 Info: Listening on port 8080 
00:07:12 Info: [datorgalds] retrieved data 
00:07:19 Info: [datorgalds] retrieved data 
00:08:00 Info: [datorgalds] retrieved data 
00:18:52 Info: [product] retrieved data 
00:18:53 Info: [product] saved data 
00:19:02 Info: [datorgalds] retrieved data 
00:19:19 Info: [producty] retrieved data 
00:19:24 Warning: Ratelimited 
00:19:25 Warning: Ratelimited 
00:19:25 Info: [producty] saved data 
00:20:03 Info: [asus rog strix] retrieved data 00:22:43 Info: [asus rog strix g17] retrieved data 
00:22:45 Info: [asus rog strix g17] saved data 
00:22:53 Info: Listening on port 8080 
00:22:58 Info: [asus rog strix g173rm] retrieved data 
00:22:59 Warning: Ratelimited 
00:23:00 Warning: Ratelimited 
00:23:00 Info: [asus rog strix g173rm] saved data 
00:23:05 Info: [asus rog strix g17rm] retrieved data 
00:23:05 Warning: Ratelimited 
00:23:06 Warning: Ratelimited 
00:23:06 Info: [asus rog strix g17rm] saved data 
00:23:14 Info: [samsung galaxy s23] retrieved data 
00:23:16 Info: [samsung galaxy s23] saved data 
00:28:13 Info: [monitors] retrieved data 
00:28:27 Info: [rokas pulkstenis] retrieved data 
00:28:29 Info: [rokas pulkstenis] saved data 
00:28:40 Info: [masina] retrieved data 
00:28:42 Info: [masina] saved data 
00:29:22 Info: [dators] retrieved data 
00:29:24 Info: [dators] saved data 
00:29:27 Info: [ram] retrieved data 
00:29:29 Info: [ram] saved data 
00:29:31 Info: [ddr5] retrieved data 
00:29:32 Info: [ddr5] saved data 
00:29:36 Info: [cpu] retrieved data 
00:29:37 Info: [cpu] saved data 
00:29:40 Info: [gpu] retrieved data 
00:29:41 Info: [gpu] saved data 
00:30:00 Info: [fortnite gramata] retrieved data 
00:30:00 Info: [fortnite gramata] saved data 
01:12:54 Info: [dators] retrieved data 
01:26:48 Info: [dators] retrieved data 
01:26:54 Info: [dators] retrieved data 
01:32:33 Info: [datorgalds] retrieved data 
01:33:45 Info: [datorgalds] retrieved data 
01:34:40 Info: [datorgalds] retrieved data 
01:34:52 Info: [datorgalds] retrieved data 
01:34:55 Info: [datorgalds] retrieved data 
01:38:30 Info: [dators] retrieved data 
01:38:50 Info: [dators] retrieved data 
01:41:31 Info: [datorgalds] retrieved data 
01:42:49 Info: [datorgalds] retrieved data 
01:43:06 Info: [datorgalds] retrieved data 
01:43:56 Info: [datorgalds] retrieved data 
01:44:29 Info: [datorgalds] retrieved data 
01:44:57 Info: [datorgalds] retrieved data 
01:45:09 Info: [datorgalds] retrieved data 
01:45:13 Info: [asus rog strix] retrieved data 
01:45:18 Info: [datorpele] retrieved data 
01:45:21 Info: [datorpele] saved data 
01:45:27 Info: [logitech g305] retrieved data 
01:47:25 Info: Listening on port 8080 
01:47:37 Info: [logitech g305] retrieved data 
01:47:39 Info: [logitech g305] saved data 
01:48:23 Info: [asus rog strix g17] retrieved data 
01:48:24 Info: [asus rog strix g17] saved data 
01:48:33 Info: [asus rog strix g17] retrieved data 
01:49:56 Info: [asus rog strix g17] retrieved data 
01:50:35 Info: [datorgalds] retrieved data 
01:50:36 Info: [datorgalds] saved data 
01:50:55 Info: [datorgalds] retrieved data 
01:52:20 Info: [logitech g305] retrieved data 
01:52:40 Info: [logitech g305] retrieved data 
01:52:44 Info: [datorgalds] retrieved data 
01:53:01 Info: [datorgalds] retrieved data 
01:54:34 Info: [datorgalds] retrieved data 
01:54:43 Info: [datorgalds] retrieved data 
01:55:18 Info: [datorgalds] retrieved data 
02:13:45 Info: [pvc truba 15cm ] retrieved data 
02:13:46 Warning: Ratelimited 
02:13:46 Warning: Ratelimited 
02:13:46 Info: [pvc truba 15cm ] saved data 
02:13:51 Info: [pvc truba] retrieved data 
02:13:52 Info: [pvc truba] saved data 
02:13:59 Info: [pvc trubu korķi] retrieved data 
02:13:59 Warning: Ratelimited 
02:14:00 Info: [pvc trubu korķi] saved data 
02:14:12 Info: [dārza lāpstiņa] retrieved data 
02:14:14 Info: [dārza lāpstiņa] saved data 
02:14:21 Info: [degdiegi] retrieved data 
02:14:22 Warning: Ratelimited 
02:14:22 Warning: Ratelimited 
02:14:22 Info: [degdiegi] saved data 
02:14:22 Info: [degdiegi] retrieved data 
02:14:26 Info: [urbis] retrieved data 
02:14:28 Info: [urbis] saved data 
02:15:29 Info: [datorgalds] retrieved data 
02:15:53 Info: [datorgalds] retrieved data 
02:16:10 Info: [datorgalds] retrieved data 
02:16:11 Info: [datorgalds] retrieved data 
02:16:14 Info: [datorgalds] retrieved data 
03:53:45 Info: [datorgalds] retrieved data 
03:54:36 Info: [datorgalds] retrieved data 
03:54:44 Info: [datorgalds] retrieved data 
03:55:29 Info: [datorgalds] retrieved data 
03:56:51 Info: [datorgalds] retrieved data 
03:57:30 Info: [datorgalds] retrieved data 
03:57:36 Info: [datorgalds] retrieved data 
03:57:40 Info: [datorgalds] retrieved data 
03:58:31 Info: [datorgalds] retrieved data 
03:58:35 Info: [logitech g305] retrieved data 
03:58:45 Info: [logitech g305] retrieved data 
03:58:49 Info: [logitech g305] retrieved data 
03:59:06 Info: [samsung galaxy s23] retrieved data 
03:59:07 Info: [samsung galaxy s23] saved data 
03:59:36 Info: [samsung galaxy s23] retrieved data 
03:59:56 Info: [asus rog strix g17] retrieved data 
04:01:26 Info: [asus rog strix g17] retrieved data 
04:01:36 Info: [asus rog strix g17] retrieved data 
04:01:38 Info: [asus rog strix g17] retrieved data 
04:02:18 Info: [datorgalds] retrieved data 
04:06:44 Info: [datorgalds] retrieved data 
04:06:51 Info: [datorgalds] retrieved data 
04:07:06 Info: [datorgalds] retrieved data 
04:07:12 Info: [datorgalds] retrieved data 
04:07:14 Info: [datorgalds] retrieved data 
04:07:24 Info: [datorgalds] retrieved data 
04:07:29 Info: [datorgalds] retrieved data 
04:07:48 Info: [datorgalds] retrieved data 
04:08:05 Info: [datorgalds] retrieved data 
04:08:25 Info: [datorgalds] retrieved data 
04:08:34 Info: [datorgalds] retrieved data 
04:09:17 Info: [datorgalds] retrieved data 
04:09:28 Info: [datorgalds] retrieved data 
04:09:34 Info: [datorgalds] retrieved data 
04:09:59 Info: [datorgalds] retrieved data 
04:10:23 Info: [datorgalds] retrieved data 
04:11:12 Info: [datorgalds] retrieved data 
04:11:13 Info: [datorgalds] retrieved data 
04:11:16 Info: [datorgalds] retrieved data 
04:11:32 Info: [datorgalds] retrieved data 
04:12:02 Info: [datorgalds] retrieved data 
04:12:05 Info: [datorgalds] retrieved data 
04:12:10 Info: [datorgalds] retrieved data 
04:12:17 Info: [datorgalds] retrieved data 
04:14:15 Info: [datorgalds] retrieved data 
04:15:28 Info: [datorgalds] retrieved data 
04:16:00 Info: [datorgalds] retrieved data 
04:16:11 Info: [datorgalds] retrieved data 
04:16:21 Info: [datorgalds] retrieved data 
04:16:29 Info: [datorgalds] retrieved data 
04:16:36 Info: [datorgalds] retrieved data 
04:16:52 Info: [fortnite] retrieved data 
04:16:54 Info: [fortnite] saved data 
04:23:06 Info: [logitech g305] retrieved data 
04:29:07 Info: [logitech g305] retrieved data 
04:35:11 Info: [fortnite] retrieved data 
04:35:18 Info: [fortnite] retrieved data 
04:46:14 Info: [logitech g305] retrieved data 
04:51:23 Info: [logitech g305] retrieved data 
04:51:27 Info: [logitech g305] retrieved data 
04:52:58 Info: [kalkulators] retrieved data 
04:52:59 Info: [kalkulators] saved data 
04:52:59 Info: [kalkulators] retrieved data 
04:53:05 Info: [zinātniskais kalkulators] retrieved data 
04:53:06 Info: [zinātniskais kalkulators] saved data 
04:53:09 Info: [zinātniskais kalkulators] retrieved data 
04:53:19 Info: [casio fx991] retrieved data 
04:53:20 Info: [casio fx991] saved data 
04:53:24 Info: [casio fx991] retrieved data 
04:55:32 Info: [pvc truba] retrieved data 
04:55:36 Info: [pvc truba] retrieved data 
04:55:39 Info: [zelts] retrieved data 
04:55:40 Info: [zelts] saved data 
04:55:41 Info: [zelts] retrieved data 
04:55:43 Info: [rtx 3060] retrieved data 
04:55:44 Info: [rtx 3060] saved data 
04:55:51 Info: [rtx 3060] retrieved data 
04:55:53 Info: [rtx 3060] retrieved data 
04:55:56 Info: [rtx 3060] retrieved data 
04:56:05 Info: [rtx 3060] retrieved data 
04:56:47 Info: [degdiegi] retrieved data 
04:57:37 Info: [datorgalds] retrieved data 
04:57:55 Info: [rtx 5060] retrieved data 
04:57:57 Info: [rtx 5060] saved data 
04:58:07 Info: [rtx 5080] retrieved data 
04:58:09 Info: [rtx 5080] saved data 
04:58:16 Info: [rtx 5080] retrieved data 
04:58:37 Info: [rtx 5080] retrieved data 
04:58:39 Info: [rtx 5080] retrieved data 
18:03:49 Info: Listening on port 8080 
18:04:17 Info: [ram] retrieved data 
18:04:19 Info: [ram] saved data 
18:04:30 Info: [ram] retrieved data 
18:04:58 Info: [ram] retrieved data 
18:05:05 Info: [screen] retrieved data 
18:05:07 Info: [screen] saved data 
18:05:29 Info: [xe20] retrieved data 
18:05:30 Info: [xe20] saved data 
18:05:52 Info: [gtx 1070] retrieved data 
18:05:53 Info: [gtx 1070] saved data 
18:06:14 Info: [evalds] retrieved data 
18:06:15 Info: [evalds] saved data 
18:07:11 Info: [rtx 5080] retrieved data 
18:08:16 Info: [ddr5] retrieved data 
18:08:17 Info: [ddr5] retrieved data 
18:08:18 Info: [ddr5] saved data 
18:08:19 Info: [ddr5] saved data 
18:09:38 Info: [vibrators] retrieved data 
18:09:39 Info: [vibrators] saved data 
18:10:13 Info: [logitech g305] retrieved data 
20:04:55 Info: Listening on port 8080 
20:04:56 Info: [logitech g305] retrieved data 
20:05:05 Info: [jbl charge 5] retrieved data 
20:05:06 Info: [jbl charge 5] saved data 
20:05:10 Info: [jbl charge 5] retrieved data 
20:05:48 Info: [jbl charge 6] retrieved data 
20:05:49 Info: [jbl charge 6] saved data 
21:50:35 Info: [dildo] retrieved data 
21:50:37 Info: [dildo] saved data 
21:50:41 Info: [dildo] retrieved data 
21:51:16 Info: [asus v16] retrieved data 
21:51:18 Info: [asus v16] saved data 
23:09:03 Info: [datorgalds] retrieved data 
23:09:31 Info: [datorgalds] retrieved data 
23:41:14 Info: [datorgalds] retrieved data 
23:41:34 Info: [datorgalds] retrieved data 
23:48:54 Info: [logitech g305] retrieved data 
02:37:50 Info: [logitech g305] retrieved data 
02:39:36 Info: [logitech g502] retrieved data 
02:39:36 Info: [logitech g502] saved data 
02:39:42 Info: [logitech g502] retrieved data 
03:16:38 Info: [<script>alert(1)</script>] retrieved data 
03:16:39 Warning: Ratelimited 
03:16:40 Info: [<script>alert(1)</script>] retrieved data 
03:16:40 Warning: Ratelimited 
03:16:40 Info: [<script>alert(1)</script>] saved data 
03:16:42 Info: [<script>alert(1)</script>] saved data 
03:16:47 Info: [<script>alert(1)</script>] retrieved data 
04:57:37 Info: [samsung galaxy s23] retrieved data 
04:57:40 Info: [samsung galaxy s25 ultra] retrieved data 
04:57:41 Info: [samsung galaxy s25 ultra] saved data 
05:33:20 Info: Listening on port 8080 
07:53:13 Info: [samsung galaxy s25 ultra] retrieved data 
07:53:16 Info: [samsung galaxy s25 ultra] retrieved data 
08:45:21 Info: Listening on port 8080 
08:45:35 Info: [samsung galaxy s25 ultra] retrieved data 
08:45:39 Info: [samsung galaxy s25 ultra] retrieved data 
08:50:50 Info: [samsung galaxy s25 ultra] retrieved data 
08:51:00 Info: [samsung galaxy s25 ultra] retrieved data 
08:51:24 Info: [samsung galaxy s25 ultra] retrieved data 
08:51:43 Info: [samsung galaxy s25 ultra] retrieved data 
08:51:50 Info: [samsung galaxy s25 ultra] retrieved data 
08:52:34 Info: [samsung galaxy s25 ultra] retrieved data 
08:52:59 Info: [samsung galaxy s25 ultra] retrieved data 
09:11:21 Info: [samsung galaxy s25 ultra] retrieved data 
09:16:08 Info: [logitech g305] retrieved data 
09:27:32 Info: [fortnite] retrieved data 
09:27:45 Info: [fortnite] retrieved data 
